已經開始建置於 2016/5/2 下午 11:49:14。
     1>節點 2 (Build 目標) 上的專案 "C:\Users\庭瑋\Documents\Visual Studio 2013\Projects\ZJ\problem001\problem001\problem001.vcxproj"。
     1>ClCompile:
         C:\Program Files (x86)\Microsoft Visual Studio 12.0\VC\bin\CL.exe /c /ZI /nologo /W3 /WX- /sdl /Od /Oy- /D WIN32 /D _DEBUG /D _CONSOLE /D _LIB /D _UNICODE /D UNICODE /Gm /EHsc /RTC1 /MDd /GS /fp:precise /Zc:wchar_t /Zc:forScope /Fo"Debug\\" /Fd"Debug\vc120.pdb" /Gd /TP /analyze- /errorReport:prompt Source.cpp
         Source.cpp
     1>c:\users\庭瑋\documents\visual studio 2013\projects\zj\problem001\problem001\source.cpp(8): error C2679: 二元運算子 '>>' : 找不到使用右方運算元類型 'std::string' 的運算子 (或是沒有可接受的轉換)
                 c:\program files (x86)\microsoft visual studio 12.0\vc\include\istream(485): 可能是 'std::basic_istream<char,std::char_traits<char>> &std::basic_istream<char,std::char_traits<char>>::operator >>(std::basic_streambuf<char,std::char_traits<char>> *)'
                 c:\program files (x86)\microsoft visual studio 12.0\vc\include\istream(466): 或       'std::basic_istream<char,std::char_traits<char>> &std::basic_istream<char,std::char_traits<char>>::operator >>(void *&)'
                 c:\program files (x86)\microsoft visual studio 12.0\vc\include\istream(448): 或       'std::basic_istream<char,std::char_traits<char>> &std::basic_istream<char,std::char_traits<char>>::operator >>(long double &)'
                 c:\program files (x86)\microsoft visual studio 12.0\vc\include\istream(430): 或       'std::basic_istream<char,std::char_traits<char>> &std::basic_istream<char,std::char_traits<char>>::operator >>(double &)'
                 c:\program files (x86)\microsoft visual studio 12.0\vc\include\istream(411): 或       'std::basic_istream<char,std::char_traits<char>> &std::basic_istream<char,std::char_traits<char>>::operator >>(float &)'
                 c:\program files (x86)\microsoft visual studio 12.0\vc\include\istream(392): 或       'std::basic_istream<char,std::char_traits<char>> &std::basic_istream<char,std::char_traits<char>>::operator >>(unsigned __int64 &)'
                 c:\program files (x86)\microsoft visual studio 12.0\vc\include\istream(373): 或       'std::basic_istream<char,std::char_traits<char>> &std::basic_istream<char,std::char_traits<char>>::operator >>(__int64 &)'
                 c:\program files (x86)\microsoft visual studio 12.0\vc\include\istream(353): 或       'std::basic_istream<char,std::char_traits<char>> &std::basic_istream<char,std::char_traits<char>>::operator >>(unsigned long &)'
                 c:\program files (x86)\microsoft visual studio 12.0\vc\include\istream(335): 或       'std::basic_istream<char,std::char_traits<char>> &std::basic_istream<char,std::char_traits<char>>::operator >>(long &)'
                 c:\program files (x86)\microsoft visual studio 12.0\vc\include\istream(317): 或       'std::basic_istream<char,std::char_traits<char>> &std::basic_istream<char,std::char_traits<char>>::operator >>(unsigned int &)'
                 c:\program files (x86)\microsoft visual studio 12.0\vc\include\istream(291): 或       'std::basic_istream<char,std::char_traits<char>> &std::basic_istream<char,std::char_traits<char>>::operator >>(int &)'
                 c:\program files (x86)\microsoft visual studio 12.0\vc\include\istream(272): 或       'std::basic_istream<char,std::char_traits<char>> &std::basic_istream<char,std::char_traits<char>>::operator >>(unsigned short &)'
                 c:\program files (x86)\microsoft visual studio 12.0\vc\include\istream(237): 或       'std::basic_istream<char,std::char_traits<char>> &std::basic_istream<char,std::char_traits<char>>::operator >>(short &)'
                 c:\program files (x86)\microsoft visual studio 12.0\vc\include\istream(218): 或       'std::basic_istream<char,std::char_traits<char>> &std::basic_istream<char,std::char_traits<char>>::operator >>(std::_Bool &)'
                 c:\program files (x86)\microsoft visual studio 12.0\vc\include\istream(211): 或       'std::basic_istream<char,std::char_traits<char>> &std::basic_istream<char,std::char_traits<char>>::operator >>(std::ios_base &(__cdecl *)(std::ios_base &))'
                 c:\program files (x86)\microsoft visual studio 12.0\vc\include\istream(204): 或       'std::basic_istream<char,std::char_traits<char>> &std::basic_istream<char,std::char_traits<char>>::operator >>(std::basic_ios<char,std::char_traits<char>> &(__cdecl *)(std::basic_ios<char,std::char_traits<char>> &))'
                 c:\program files (x86)\microsoft visual studio 12.0\vc\include\istream(198): 或       'std::basic_istream<char,std::char_traits<char>> &std::basic_istream<char,std::char_traits<char>>::operator >>(std::basic_istream<char,std::char_traits<char>> &(__cdecl *)(std::basic_istream<char,std::char_traits<char>> &))'
                 c:\program files (x86)\microsoft visual studio 12.0\vc\include\istream(1103): 或       'std::basic_istream<char,std::char_traits<char>> &std::operator >><char,std::char_traits<char>,std::string>(std::basic_istream<char,std::char_traits<char>> &&,_Ty &)'
                 with
                 [
                     _Ty=std::string
                 ]
                 c:\program files (x86)\microsoft visual studio 12.0\vc\include\istream(1093): 或       'std::basic_istream<char,std::char_traits<char>> &std::operator >><std::char_traits<char>>(std::basic_istream<char,std::char_traits<char>> &,unsigned char &)'
                 c:\program files (x86)\microsoft visual studio 12.0\vc\include\istream(1086): 或       'std::basic_istream<char,std::char_traits<char>> &std::operator >><std::char_traits<char>>(std::basic_istream<char,std::char_traits<char>> &,unsigned char *)'
                 c:\program files (x86)\microsoft visual studio 12.0\vc\include\istream(1079): 或       'std::basic_istream<char,std::char_traits<char>> &std::operator >><std::char_traits<char>>(std::basic_istream<char,std::char_traits<char>> &,signed char &)'
                 c:\program files (x86)\microsoft visual studio 12.0\vc\include\istream(1072): 或       'std::basic_istream<char,std::char_traits<char>> &std::operator >><std::char_traits<char>>(std::basic_istream<char,std::char_traits<char>> &,signed char *)'
                 當嘗試符合引數清單 '(std::istream, std::string)' 時
     1>c:\users\庭瑋\documents\visual studio 2013\projects\zj\problem001\problem001\source.cpp(8): fatal error C1903: 無法從先前的錯誤復原; 正在停止編譯
     1>專案 "C:\Users\庭瑋\Documents\Visual Studio 2013\Projects\ZJ\problem001\problem001\problem001.vcxproj" (Build 目標) 建置完成 -- 失敗。

建置失敗。

經過時間 00:00:00.56
